  StringUtility.cpp
  DirectXCommon.cpp
  WinApp.cpp
  GameScene.cpp
  TextureManager.cpp
  ImGuiManager.cpp
  Novice.cpp
  main.cpp
  PG3.vcxproj -> C:\Users\same_\OneDrive\デスクトップ\2024_授業資料\RS1\PG3_github2\Generated\Outputs\Debug\PG3.exe
  C:\KamataEngine\DirectXGame\Resources\debugfont.png
  C:\KamataEngine\DirectXGame\Resources\fanfare.wav
  C:\KamataEngine\DirectXGame\Resources\kamata.ico
  C:\KamataEngine\DirectXGame\Resources\mokugyo.wav
  C:\KamataEngine\DirectXGame\Resources\sample.png
  C:\KamataEngine\DirectXGame\Resources\tex1.png
  C:\KamataEngine\DirectXGame\Resources\uvChecker.png
  C:\KamataEngine\DirectXGame\Resources\white1x1.png
  C:\KamataEngine\DirectXGame\Resources\axis\axis.jpg
  C:\KamataEngine\DirectXGame\Resources\axis\axis.mtl
  C:\KamataEngine\DirectXGame\Resources\axis\axis.obj
  C:\KamataEngine\DirectXGame\Resources\cube\cube.jpg
  C:\KamataEngine\DirectXGame\Resources\cube\cube.mtl
  C:\KamataEngine\DirectXGame\Resources\cube\cube.obj
  C:\KamataEngine\DirectXGame\Resources\shaders\Obj.hlsli
  C:\KamataEngine\DirectXGame\Resources\shaders\ObjPS.hlsl
  C:\KamataEngine\DirectXGame\Resources\shaders\ObjVS.hlsl
  C:\KamataEngine\DirectXGame\Resources\shaders\Primitive.hlsli
  C:\KamataEngine\DirectXGame\Resources\shaders\PrimitivePS.hlsl
  C:\KamataEngine\DirectXGame\Resources\shaders\PrimitiveVS.hlsl
  C:\KamataEngine\DirectXGame\Resources\shaders\Shape.hlsli
  C:\KamataEngine\DirectXGame\Resources\shaders\ShapePS.hlsl
  C:\KamataEngine\DirectXGame\Resources\shaders\ShapeSRGBOutputPS.hlsl
  C:\KamataEngine\DirectXGame\Resources\shaders\ShapeVS.hlsl
  C:\KamataEngine\DirectXGame\Resources\shaders\Sprite.hlsli
  C:\KamataEngine\DirectXGame\Resources\shaders\SpritePS.hlsl
  C:\KamataEngine\DirectXGame\Resources\shaders\SpriteSRGBOutputPS.hlsl
  C:\KamataEngine\DirectXGame\Resources\shaders\SpriteVS.hlsl
  C:\KamataEngine\DirectXGame\Resources\shaders\Terrain.hlsli
  C:\KamataEngine\DirectXGame\Resources\shaders\TerrainPS.hlsl
  C:\KamataEngine\DirectXGame\Resources\shaders\TerrainVS.hlsl
  31 個のファイルをコピーしました
  C:\KamataEngine\DirectXGame\Resources\debugfont.png
  C:\KamataEngine\DirectXGame\Resources\fanfare.wav
  C:\KamataEngine\DirectXGame\Resources\kamata.ico
  C:\KamataEngine\DirectXGame\Resources\mokugyo.wav
  C:\KamataEngine\DirectXGame\Resources\sample.png
  C:\KamataEngine\DirectXGame\Resources\tex1.png
  C:\KamataEngine\DirectXGame\Resources\uvChecker.png
  C:\KamataEngine\DirectXGame\Resources\white1x1.png
  C:\KamataEngine\DirectXGame\Resources\axis\axis.jpg
  C:\KamataEngine\DirectXGame\Resources\axis\axis.mtl
  C:\KamataEngine\DirectXGame\Resources\axis\axis.obj
  C:\KamataEngine\DirectXGame\Resources\cube\cube.jpg
  C:\KamataEngine\DirectXGame\Resources\cube\cube.mtl
  C:\KamataEngine\DirectXGame\Resources\cube\cube.obj
  C:\KamataEngine\DirectXGame\Resources\shaders\Obj.hlsli
  C:\KamataEngine\DirectXGame\Resources\shaders\ObjPS.hlsl
  C:\KamataEngine\DirectXGame\Resources\shaders\ObjVS.hlsl
  C:\KamataEngine\DirectXGame\Resources\shaders\Primitive.hlsli
  C:\KamataEngine\DirectXGame\Resources\shaders\PrimitivePS.hlsl
  C:\KamataEngine\DirectXGame\Resources\shaders\PrimitiveVS.hlsl
  C:\KamataEngine\DirectXGame\Resources\shaders\Shape.hlsli
  C:\KamataEngine\DirectXGame\Resources\shaders\ShapePS.hlsl
  C:\KamataEngine\DirectXGame\Resources\shaders\ShapeSRGBOutputPS.hlsl
  C:\KamataEngine\DirectXGame\Resources\shaders\ShapeVS.hlsl
  C:\KamataEngine\DirectXGame\Resources\shaders\Sprite.hlsli
  C:\KamataEngine\DirectXGame\Resources\shaders\SpritePS.hlsl
  C:\KamataEngine\DirectXGame\Resources\shaders\SpriteSRGBOutputPS.hlsl
  C:\KamataEngine\DirectXGame\Resources\shaders\SpriteVS.hlsl
  C:\KamataEngine\DirectXGame\Resources\shaders\Terrain.hlsli
  C:\KamataEngine\DirectXGame\Resources\shaders\TerrainPS.hlsl
  C:\KamataEngine\DirectXGame\Resources\shaders\TerrainVS.hlsl
  31 個のファイルをコピーしました
